<?xml version="1.0" encoding="UTF-8"?>
<!-- Generated by org.testng.reporters.JUnitXMLReporter -->
<testsuite ignored="4" hostname="DESKTOP-DELVMAL" failures="0" tests="6" name="LoanDepartment" time="0.068" errors="0" timestamp="2023-06-16T09:26:00 IST">
  <testcase classname="demo.Test1" name="autoLoan" time="0.009"/>
  <testcase classname="demo.Test1" name="carloan" time="0.002"/>
  <testcase classname="demo.Test1" name="homeLoan" time="0.002"/>
  <testcase classname="demo.Test2" name="mobileCarloan" time="0.001"/>
  <testcase classname="demo.Test3" name="mobileLogin" time="0.002"/>
  <testcase classname="demo.Test3" name="mobileLogout" time="0.002"/>
  <testcase classname="demo.Test2" name="mobileAutoLoan" time="0.0">
    <ignored/>
  </testcase> <!-- mobileAutoLoan -->
  <testcase classname="demo.Test2" name="mobileHomeLoan" time="0.0">
    <ignored/>
  </testcase> <!-- mobileHomeLoan -->
  <testcase classname="demo.Test3" name="loginUser" time="0.0">
    <ignored/>
  </testcase> <!-- loginUser -->
  <testcase classname="demo.Test3" name="logoutUser" time="0.0">
    <ignored/>
  </testcase> <!-- logoutUser -->
</testsuite> <!-- LoanDepartment -->
