<?xml version="1.0" encoding="UTF-8"?>
<!-- Generated by org.testng.reporters.JUnitXMLReporter -->
<testsuite ignored="0" hostname="DESKTOP-DELVMAL" failures="0" tests="12" name="AutolLoan" time="0.172" errors="0" timestamp="2023-06-26T23:20:19 IST">
  <testcase classname="demo.Test1" name="autoLoan" time="0.014"/>
  <testcase classname="demo.Test1" name="carloan" time="0.006"/>
  <testcase classname="demo.Test1" name="homeLoan" time="0.008"/>
  <testcase classname="demo.Test2" name="mobileAutoLoan" time="0.01"/>
  <testcase classname="demo.Test2" name="mobileCarloan" time="0.003"/>
  <testcase classname="demo.Test2" name="mobileHomeLoan" time="0.015"/>
  <testcase classname="demo.Test3" name="loginUser" time="0.002"/>
  <testcase classname="demo.Test3" name="logoutUser" time="0.001"/>
  <testcase classname="demo.Test3" name="mobileLogin" time="0.001"/>
  <testcase classname="demo.Test3" name="mobileLogout" time="0.005"/>
  <testcase classname="demo.Test4" name="depositMoney" time="0.001"/>
  <testcase classname="demo.Test4" name="fixedDeposit" time="0.001"/>
</testsuite> <!-- AutolLoan -->
