<?xml version="1.0" encoding="UTF-8"?>
<!-- Generated by org.testng.reporters.JUnitXMLReporter -->
<testsuite ignored="0" hostname="DESKTOP-DELVMAL" failures="1" tests="8" name="LoanDepartment" time="0.102" errors="0" timestamp="2023-06-26T09:44:06 IST">
  <testcase classname="demo.Login" name="loginWithValidDetails" time="0.006"/>
  <testcase classname="demo.Login" name="loginWtihInvalidDetails" time="0.001"/>
  <testcase classname="demo.Payment" name="paymentWithCard" time="0.002"/>
  <testcase classname="demo.Payment" name="paymentWithCash" time="0.001"/>
  <testcase classname="demo.Cart" name="addToCartFromPDP" time="0.001"/>
  <testcase classname="demo.Cart" name="addToCartFromPLP" time="0.008">
    <failure type="java.lang.AssertionError" message="expected [true] but found [false]">
      <![CDATA[java.lang.AssertionError: expected [true] but found [false]
at demo.Cart.addToCartFromPLP(Cart.java:11)
at java.base/java.util.ArrayList.forEach(ArrayList.java:1511)
at java.base/java.util.concurrent.FutureTask.run(FutureTask.java:264)
at java.base/java.util.concurrent.ThreadPoolExecutor.runWorker(ThreadPoolExecutor.java:1136)
at java.base/java.util.concurrent.ThreadPoolExecutor$Worker.run(ThreadPoolExecutor.java:635)
at java.base/java.lang.Thread.run(Thread.java:833)
... Removed 22 stack frames]]>
    </failure>
  </testcase> <!-- addToCartFromPLP -->
  <testcase classname="demo.Cart" name="addToCartFromsearch" time="0.001"/>
  <testcase classname="demo.Registration" name="registration" time="0.005"/>
</testsuite> <!-- LoanDepartment -->
