<?xml version="1.0" encoding="UTF-8"?>
<!-- Generated by org.testng.reporters.JUnitXMLReporter -->
<testsuite ignored="1" hostname="DESKTOP-DELVMAL" failures="0" tests="2" name="PersonalLoan" time="13.791" errors="0" timestamp="2023-06-27T09:29:51 IST">
  <testcase classname="demo.Login" name="loginWtihInvalidDetails" time="11.585"/>
  <testcase classname="demo.Payment" name="paymentWithCash" time="13.762"/>
  <testcase classname="demo.Login" name="logintest" time="0.0">
    <ignored/>
  </testcase> <!-- logintest -->
</testsuite> <!-- PersonalLoan -->
